# JRE version: Java(TM) SE Runtime Environment (8.0_121-b13) (build 1.8.0_121-b13)
# Java VM: Java HotSpot(TM) 64-Bit Server VM (25.121-b13 mixed mode windows-amd64 compressed oops)
Heap:
 PSYoungGen      total 409600K, used 72474K [0x0000000780500000, 0x00000007a8a80000, 0x00000007c0000000)
  eden space 393216K, 18% used [0x0000000780500000,0x0000000784bc6820,0x0000000798500000)
  from space 16384K, 0% used [0x0000000798500000,0x0000000798500000,0x0000000799500000)
  to   space 15872K, 0% used [0x00000007a7b00000,0x00000007a7b00000,0x00000007a8a80000)
 ParOldGen       total 111616K, used 29968K [0x0000000700e00000, 0x0000000707b00000, 0x0000000780500000)
  object space 111616K, 26% used [0x0000000700e00000,0x0000000702b44020,0x0000000707b00000)
 Metaspace       used 24410K, capacity 25850K, committed 25984K, reserved 1071104K
  class space    used 3390K, capacity 4183K, committed 4224K, reserved 1048576K
GC Heap History (10 events):
Event: 1.494 GC heap before
{Heap before GC invocations=6 (full 0):
 PSYoungGen      total 106496K, used 106464K [0x0000000780500000, 0x000000078e500000, 0x00000007c0000000)
  eden space 98304K, 100% used [0x0000000780500000,0x0000000786500000,0x0000000786500000)
  from space 8192K, 99% used [0x0000000786500000,0x0000000786cf8020,0x0000000786d00000)
  to   space 16384K, 0% used [0x000000078d500000,0x000000078d500000,0x000000078e500000)
 ParOldGen       total 131072K, used 16325K [0x0000000700e00000, 0x0000000708e00000, 0x0000000780500000)
  object space 131072K, 12% used [0x0000000700e00000,0x0000000701df1410,0x0000000708e00000)
 Metaspace       used 15964K, capacity 16708K, committed 17024K, reserved 1064960K
  class space    used 1949K, capacity 2327K, committed 2432K, reserved 1048576K
Event: 1.500 GC heap after
Heap after GC invocations=6 (full 0):
 PSYoungGen      total 211968K, used 9664K [0x0000000780500000, 0x000000078e400000, 0x00000007c0000000)
  eden space 196608K, 0% used [0x0000000780500000,0x0000000780500000,0x000000078c500000)
  from space 15360K, 62% used [0x000000078d500000,0x000000078de70060,0x000000078e400000)
  to   space 15872K, 0% used [0x000000078c500000,0x000000078c500000,0x000000078d480000)
 ParOldGen       total 131072K, used 16333K [0x0000000700e00000, 0x0000000708e00000, 0x0000000780500000)
  object space 131072K, 12% used [0x0000000700e00000,0x0000000701df3410,0x0000000708e00000)
 Metaspace       used 15964K, capacity 16708K, committed 17024K, reserved 1064960K
  class space    used 1949K, capacity 2327K, committed 2432K, reserved 1048576K
}
Event: 1.818 GC heap before
{Heap before GC invocations=7 (full 0):
 PSYoungGen      total 211968K, used 206272K [0x0000000780500000, 0x000000078e400000, 0x00000007c0000000)
  eden space 196608K, 100% used [0x0000000780500000,0x000000078c500000,0x000000078c500000)
  from space 15360K, 62% used [0x000000078d500000,0x000000078de70060,0x000000078e400000)
  to   space 15872K, 0% used [0x000000078c500000,0x000000078c500000,0x000000078d480000)
 ParOldGen       total 131072K, used 16333K [0x0000000700e00000, 0x0000000708e00000, 0x0000000780500000)
  object space 131072K, 12% used [0x0000000700e00000,0x0000000701df3410,0x0000000708e00000)
 Metaspace       used 16630K, capacity 17456K, committed 17664K, reserved 1064960K
  class space    used 2059K, capacity 2478K, committed 2560K, reserved 1048576K
Event: 1.826 GC heap after
Heap after GC invocations=7 (full 0):
 PSYoungGen      total 212480K, used 7501K [0x0000000780500000, 0x000000079a500000, 0x00000007c0000000)
  eden space 196608K, 0% used [0x0000000780500000,0x0000000780500000,0x000000078c500000)
  from space 15872K, 47% used [0x000000078c500000,0x000000078cc53420,0x000000078d480000)
  to   space 16384K, 0% used [0x0000000799500000,0x0000000799500000,0x000000079a500000)
 ParOldGen       total 131072K, used 21757K [0x0000000700e00000, 0x0000000708e00000, 0x0000000780500000)
  object space 131072K, 16% used [0x0000000700e00000,0x000000070233f740,0x0000000708e00000)
 Metaspace       used 16630K, capacity 17456K, committed 17664K, reserved 1064960K
  class space    used 2059K, capacity 2478K, committed 2560K, reserved 1048576K
}
Event: 2.065 GC heap before
{Heap before GC invocations=8 (full 0):
 PSYoungGen      total 212480K, used 204109K [0x0000000780500000, 0x000000079a500000, 0x00000007c0000000)
  eden space 196608K, 100% used [0x0000000780500000,0x000000078c500000,0x000000078c500000)
  from space 15872K, 47% used [0x000000078c500000,0x000000078cc53420,0x000000078d480000)
  to   space 16384K, 0% used [0x0000000799500000,0x0000000799500000,0x000000079a500000)
 ParOldGen       total 131072K, used 21757K [0x0000000700e00000, 0x0000000708e00000, 0x0000000780500000)
  object space 131072K, 16% used [0x0000000700e00000,0x000000070233f740,0x0000000708e00000)
 Metaspace       used 16815K, capacity 17878K, committed 18176K, reserved 1064960K
  class space    used 2108K, capacity 2705K, committed 2816K, reserved 1048576K
Event: 2.069 GC heap after
Heap after GC invocations=8 (full 0):
 PSYoungGen      total 409600K, used 7612K [0x0000000780500000, 0x000000079a500000, 0x00000007c0000000)
  eden space 393216K, 0% used [0x0000000780500000,0x0000000780500000,0x0000000798500000)
  from space 16384K, 46% used [0x0000000799500000,0x0000000799c6f060,0x000000079a500000)
  to   space 16384K, 0% used [0x0000000798500000,0x0000000798500000,0x0000000799500000)
 ParOldGen       total 131072K, used 23237K [0x0000000700e00000, 0x0000000708e00000, 0x0000000780500000)
  object space 131072K, 17% used [0x0000000700e00000,0x00000007024b15a0,0x0000000708e00000)
 Metaspace       used 16815K, capacity 17878K, committed 18176K, reserved 1064960K
  class space    used 2108K, capacity 2705K, committed 2816K, reserved 1048576K
}
Event: 2.536 GC heap before
{Heap before GC invocations=9 (full 0):
 PSYoungGen      total 409600K, used 243733K [0x0000000780500000, 0x000000079a500000, 0x00000007c0000000)
  eden space 393216K, 60% used [0x0000000780500000,0x000000078eb96448,0x0000000798500000)
  from space 16384K, 46% used [0x0000000799500000,0x0000000799c6f060,0x000000079a500000)
  to   space 16384K, 0% used [0x0000000798500000,0x0000000798500000,0x0000000799500000)
 ParOldGen       total 131072K, used 23237K [0x0000000700e00000, 0x0000000708e00000, 0x0000000780500000)
  object space 131072K, 17% used [0x0000000700e00000,0x00000007024b15a0,0x0000000708e00000)
 Metaspace       used 19967K, capacity 21152K, committed 21296K, reserved 1067008K
  class space    used 2642K, capacity 3382K, committed 3456K, reserved 1048576K
Event: 2.543 GC heap after
Heap after GC invocations=9 (full 0):
 PSYoungGen      total 409600K, used 10613K [0x0000000780500000, 0x00000007a8a80000, 0x00000007c0000000)
  eden space 393216K, 0% used [0x0000000780500000,0x0000000780500000,0x0000000798500000)
  from space 16384K, 64% used [0x0000000798500000,0x0000000798f5d5d0,0x0000000799500000)
  to   space 15872K, 0% used [0x00000007a7b00000,0x00000007a7b00000,0x00000007a8a80000)
 ParOldGen       total 131072K, used 25809K [0x0000000700e00000, 0x0000000708e00000, 0x0000000780500000)
  object space 131072K, 19% used [0x0000000700e00000,0x0000000702734778,0x0000000708e00000)
 Metaspace       used 19967K, capacity 21152K, committed 21296K, reserved 1067008K
  class space    used 2642K, capacity 3382K, committed 3456K, reserved 1048576K
}
Event: 2.543 GC heap before
{Heap before GC invocations=10 (full 1):
 PSYoungGen      total 409600K, used 10613K [0x0000000780500000, 0x00000007a8a80000, 0x00000007c0000000)
  eden space 393216K, 0% used [0x0000000780500000,0x0000000780500000,0x0000000798500000)
  from space 16384K, 64% used [0x0000000798500000,0x0000000798f5d5d0,0x0000000799500000)
  to   space 15872K, 0% used [0x00000007a7b00000,0x00000007a7b00000,0x00000007a8a80000)
 ParOldGen       total 131072K, used 25809K [0x0000000700e00000, 0x0000000708e00000, 0x0000000780500000)
  object space 131072K, 19% used [0x0000000700e00000,0x0000000702734778,0x0000000708e00000)
 Metaspace       used 19967K, capacity 21152K, committed 21296K, reserved 1067008K
  class space    used 2642K, capacity 3382K, committed 3456K, reserved 1048576K
Event: 2.618 GC heap after
Heap after GC invocations=10 (full 1):
 PSYoungGen      total 409600K, used 0K [0x0000000780500000, 0x00000007a8a80000, 0x00000007c0000000)
  eden space 393216K, 0% used [0x0000000780500000,0x0000000780500000,0x0000000798500000)
  from space 16384K, 0% used [0x0000000798500000,0x0000000798500000,0x0000000799500000)
  to   space 15872K, 0% used [0x00000007a7b00000,0x00000007a7b00000,0x00000007a8a80000)
 ParOldGen       total 111616K, used 29968K [0x0000000700e00000, 0x0000000707b00000, 0x0000000780500000)
  object space 111616K, 26% used [0x0000000700e00000,0x0000000702b44020,0x0000000707b00000)
 Metaspace       used 19967K, capacity 21152K, committed 21296K, reserved 1067008K
  class space    used 2642K, capacity 3382K, committed 3456K, reserved 1048576K
}

